{"/home/travis/build/npmtest/node-npmtest-karma-jasmine/test.js":{"path":"/home/travis/build/npmtest/node-npmtest-karma-jasmine/test.js","s":{"1":2,"2":2,"3":2,"4":2,"5":2,"6":2,"7":2,"8":1,"9":2,"10":2,"11":1,"12":1,"13":1,"14":1,"15":2,"16":2,"17":2,"18":2,"19":1,"20":1,"21":2,"22":2,"23":2,"24":1,"25":1,"26":1,"27":1,"28":1,"29":1,"30":1,"31":1,"32":1,"33":1,"34":1,"35":1,"36":1,"37":1,"38":1,"39":2,"40":2,"41":1,"42":2,"43":2,"44":1,"45":2,"46":2,"47":1,"48":2,"49":2,"50":1,"51":1,"52":1,"53":1,"54":1},"b":{"1":[2,1,1,1],"2":[1,1,1,1],"3":[1,1],"4":[1,1],"5":[1,1],"6":[1,1],"7":[1,1],"8":[1,1],"9":[1,1],"10":[1,1,1],"11":[1,1],"12":[1,1],"13":[1,1],"14":[1,1],"15":[1,1],"16":[1,1],"17":[1,1]},"f":{"1":2,"2":2,"3":2,"4":2,"5":2,"6":1,"7":1,"8":1,"9":2,"10":2,"11":2,"12":2,"13":1},"fnMap":{"1":{"name":"(anonymous_1)","line":12,"loc":{"start":{"line":12,"column":1},"end":{"line":12,"column":13}}},"2":{"name":"(anonymous_2)","line":19,"loc":{"start":{"line":19,"column":5},"end":{"line":19,"column":17}}},"3":{"name":"(anonymous_3)","line":23,"loc":{"start":{"line":23,"column":24},"end":{"line":23,"column":36}}},"4":{"name":"(anonymous_4)","line":61,"loc":{"start":{"line":61,"column":5},"end":{"line":61,"column":17}}},"5":{"name":"(anonymous_5)","line":82,"loc":{"start":{"line":82,"column":5},"end":{"line":82,"column":17}}},"6":{"name":"(anonymous_6)","line":91,"loc":{"start":{"line":91,"column":77},"end":{"line":94,"column":10}}},"7":{"name":"(anonymous_7)","line":112,"loc":{"start":{"line":112,"column":83},"end":{"line":115,"column":10}},"skip":true},"8":{"name":"(anonymous_8)","line":123,"loc":{"start":{"line":123,"column":77},"end":{"line":126,"column":10}},"skip":true},"9":{"name":"(anonymous_9)","line":139,"loc":{"start":{"line":139,"column":12},"end":{"line":139,"column":40}},"skip":true},"10":{"name":"(anonymous_10)","line":147,"loc":{"start":{"line":147,"column":77},"end":{"line":150,"column":10}},"skip":true},"11":{"name":"(anonymous_11)","line":158,"loc":{"start":{"line":158,"column":83},"end":{"line":161,"column":10}},"skip":true},"12":{"name":"(anonymous_12)","line":169,"loc":{"start":{"line":169,"column":79},"end":{"line":172,"column":10}},"skip":true},"13":{"name":"(anonymous_13)","line":180,"loc":{"start":{"line":180,"column":75},"end":{"line":183,"column":10}},"skip":true}},"statementMap":{"1":{"start":{"line":12,"column":0},"end":{"line":195,"column":5}},"2":{"start":{"line":14,"column":4},"end":{"line":14,"column":14}},"3":{"start":{"line":19,"column":4},"end":{"line":56,"column":9}},"4":{"start":{"line":21,"column":8},"end":{"line":21,"column":19}},"5":{"start":{"line":23,"column":8},"end":{"line":35,"column":13}},"6":{"start":{"line":24,"column":12},"end":{"line":34,"column":13}},"7":{"start":{"line":25,"column":16},"end":{"line":28,"column":30}},"8":{"start":{"line":30,"column":16},"end":{"line":33,"column":27}},"9":{"start":{"line":37,"column":8},"end":{"line":39,"column":21}},"10":{"start":{"line":40,"column":8},"end":{"line":53,"column":9}},"11":{"start":{"line":43,"column":12},"end":{"line":46,"column":14}},"12":{"start":{"line":47,"column":12},"end":{"line":47,"column":18}},"13":{"start":{"line":50,"column":12},"end":{"line":51,"column":33}},"14":{"start":{"line":52,"column":12},"end":{"line":52,"column":18}},"15":{"start":{"line":55,"column":8},"end":{"line":55,"column":35}},"16":{"start":{"line":61,"column":4},"end":{"line":63,"column":9}},"17":{"start":{"line":62,"column":8},"end":{"line":62,"column":15}},"18":{"start":{"line":64,"column":4},"end":{"line":77,"column":5}},"19":{"start":{"line":70,"column":8},"end":{"line":70,"column":14}},"20":{"start":{"line":76,"column":8},"end":{"line":76,"column":14}},"21":{"start":{"line":82,"column":4},"end":{"line":84,"column":9}},"22":{"start":{"line":83,"column":8},"end":{"line":83,"column":15}},"23":{"start":{"line":85,"column":4},"end":{"line":194,"column":5}},"24":{"start":{"line":91,"column":8},"end":{"line":99,"column":10}},"25":{"start":{"line":98,"column":12},"end":{"line":98,"column":35}},"26":{"start":{"line":102,"column":8},"end":{"line":104,"column":63}},"27":{"start":{"line":105,"column":8},"end":{"line":105,"column":14}},"28":{"start":{"line":112,"column":8},"end":{"line":121,"column":10},"skip":true},"29":{"start":{"line":119,"column":12},"end":{"line":119,"column":55},"skip":true},"30":{"start":{"line":120,"column":12},"end":{"line":120,"column":48},"skip":true},"31":{"start":{"line":123,"column":8},"end":{"line":136,"column":10},"skip":true},"32":{"start":{"line":130,"column":12},"end":{"line":130,"column":76},"skip":true},"33":{"start":{"line":131,"column":12},"end":{"line":131,"column":73},"skip":true},"34":{"start":{"line":132,"column":12},"end":{"line":132,"column":74},"skip":true},"35":{"start":{"line":133,"column":12},"end":{"line":133,"column":79},"skip":true},"36":{"start":{"line":134,"column":12},"end":{"line":134,"column":25},"skip":true},"37":{"start":{"line":135,"column":12},"end":{"line":135,"column":45},"skip":true},"38":{"start":{"line":138,"column":8},"end":{"line":145,"column":14},"skip":true},"39":{"start":{"line":143,"column":16},"end":{"line":143,"column":29},"skip":true},"40":{"start":{"line":144,"column":16},"end":{"line":144,"column":55},"skip":true},"41":{"start":{"line":147,"column":8},"end":{"line":156,"column":10},"skip":true},"42":{"start":{"line":154,"column":12},"end":{"line":154,"column":25},"skip":true},"43":{"start":{"line":155,"column":12},"end":{"line":155,"column":45},"skip":true},"44":{"start":{"line":158,"column":8},"end":{"line":167,"column":10},"skip":true},"45":{"start":{"line":165,"column":12},"end":{"line":165,"column":25},"skip":true},"46":{"start":{"line":166,"column":12},"end":{"line":166,"column":48},"skip":true},"47":{"start":{"line":169,"column":8},"end":{"line":178,"column":10},"skip":true},"48":{"start":{"line":176,"column":12},"end":{"line":176,"column":25},"skip":true},"49":{"start":{"line":177,"column":12},"end":{"line":177,"column":46},"skip":true},"50":{"start":{"line":180,"column":8},"end":{"line":189,"column":10},"skip":true},"51":{"start":{"line":187,"column":12},"end":{"line":187,"column":94},"skip":true},"52":{"start":{"line":188,"column":12},"end":{"line":188,"column":48},"skip":true},"53":{"start":{"line":192,"column":8},"end":{"line":192,"column":35},"skip":true},"54":{"start":{"line":193,"column":8},"end":{"line":193,"column":14},"skip":true}},"branchMap":{"1":{"line":25,"type":"binary-expr","locations":[{"start":{"line":25,"column":23},"end":{"line":25,"column":62}},{"start":{"line":26,"column":20},"end":{"line":26,"column":70}},{"start":{"line":27,"column":20},"end":{"line":27,"column":71}},{"start":{"line":28,"column":20},"end":{"line":28,"column":29}}]},"2":{"line":30,"type":"binary-expr","locations":[{"start":{"line":30,"column":23},"end":{"line":30,"column":37}},{"start":{"line":31,"column":20},"end":{"line":31,"column":61}},{"start":{"line":32,"column":20},"end":{"line":32,"column":70}},{"start":{"line":33,"column":20},"end":{"line":33,"column":26}}]},"3":{"line":37,"type":"cond-expr","locations":[{"start":{"line":38,"column":14},"end":{"line":38,"column":20}},{"start":{"line":39,"column":14},"end":{"line":39,"column":20}}]},"4":{"line":40,"type":"switch","locations":[{"start":{"line":42,"column":8},"end":{"line":47,"column":18}},{"start":{"line":49,"column":8},"end":{"line":52,"column":18}}]},"5":{"line":44,"type":"binary-expr","locations":[{"start":{"line":44,"column":16},"end":{"line":44,"column":44}},{"start":{"line":44,"column":48},"end":{"line":44,"column":66}}]},"6":{"line":50,"type":"binary-expr","locations":[{"start":{"line":50,"column":21},"end":{"line":50,"column":49}},{"start":{"line":50,"column":53},"end":{"line":50,"column":72}}]},"7":{"line":64,"type":"switch","locations":[{"start":{"line":69,"column":4},"end":{"line":70,"column":14}},{"start":{"line":75,"column":4},"end":{"line":76,"column":14}}]},"8":{"line":85,"type":"switch","locations":[{"start":{"line":90,"column":4},"end":{"line":105,"column":14}},{"start":{"line":111,"column":4},"end":{"line":193,"column":14},"skip":true}]},"9":{"line":91,"type":"binary-expr","locations":[{"start":{"line":91,"column":42},"end":{"line":91,"column":73}},{"start":{"line":91,"column":77},"end":{"line":99,"column":9}}]},"10":{"line":102,"type":"binary-expr","locations":[{"start":{"line":102,"column":18},"end":{"line":102,"column":32}},{"start":{"line":103,"column":12},"end":{"line":103,"column":53}},{"start":{"line":104,"column":12},"end":{"line":104,"column":61}}]},"11":{"line":112,"type":"binary-expr","locations":[{"start":{"line":112,"column":45},"end":{"line":112,"column":79},"skip":true},{"start":{"line":112,"column":83},"end":{"line":121,"column":9},"skip":true}]},"12":{"line":123,"type":"binary-expr","locations":[{"start":{"line":123,"column":42},"end":{"line":123,"column":73},"skip":true},{"start":{"line":123,"column":77},"end":{"line":136,"column":9},"skip":true}]},"13":{"line":138,"type":"binary-expr","locations":[{"start":{"line":138,"column":48},"end":{"line":138,"column":85},"skip":true},{"start":{"line":139,"column":12},"end":{"line":145,"column":13},"skip":true}]},"14":{"line":147,"type":"binary-expr","locations":[{"start":{"line":147,"column":42},"end":{"line":147,"column":73},"skip":true},{"start":{"line":147,"column":77},"end":{"line":156,"column":9},"skip":true}]},"15":{"line":158,"type":"binary-expr","locations":[{"start":{"line":158,"column":45},"end":{"line":158,"column":79},"skip":true},{"start":{"line":158,"column":83},"end":{"line":167,"column":9},"skip":true}]},"16":{"line":169,"type":"binary-expr","locations":[{"start":{"line":169,"column":43},"end":{"line":169,"column":75},"skip":true},{"start":{"line":169,"column":79},"end":{"line":178,"column":9},"skip":true}]},"17":{"line":180,"type":"binary-expr","locations":[{"start":{"line":180,"column":41},"end":{"line":180,"column":71},"skip":true},{"start":{"line":180,"column":75},"end":{"line":189,"column":9},"skip":true}]}},"code":["/* istanbul instrument in package npmtest_karma_jasmine */","/*jslint","    bitwise: true,","    browser: true,","    maxerr: 8,","    maxlen: 96,","    node: true,","    nomen: true,","    regexp: true,","    stupid: true","*/","(function () {","    'use strict';","    var local;","","","","    // run shared js-env code - init-before","    (function () {","        // init local","        local = {};","        // init modeJs","        local.modeJs = (function () {","            try {","                return typeof navigator.userAgent === 'string' &&","                    typeof document.querySelector('body') === 'object' &&","                    typeof XMLHttpRequest.prototype.open === 'function' &&","                    'browser';","            } catch (errorCaughtBrowser) {","                return module.exports &&","                    typeof process.versions.node === 'string' &&","                    typeof require('http').createServer === 'function' &&","                    'node';","            }","        }());","        // init global","        local.global = local.modeJs === 'browser'","            ? window","            : global;","        switch (local.modeJs) {","        // re-init local from window.local","        case 'browser':","            local = local.global.utility2.objectSetDefault(","                local.global.utility2_rollup || local.global.local,","                local.global.utility2","            );","            break;","        // re-init local from example.js","        case 'node':","            local = (local.global.utility2_rollup || require('utility2'))","                .requireReadme();","            break;","        }","        // export local","        local.global.local = local;","    }());","","","","    // run shared js-env code - function","    (function () {","        return;","    }());","    switch (local.modeJs) {","","","","    // run browser js-env code - function","    case 'browser':","        break;","","","","    // run node js-env code - function","    case 'node':","        break;","    }","","","","    // run shared js-env code - init-after","    (function () {","        return;","    }());","    switch (local.modeJs) {","","","","    // run browser js-env code - init-after","    case 'browser':","        local.testCase_browser_nullCase = local.testCase_browser_nullCase || function (","            options,","            onError","        ) {","        /*","         * this function will test browsers's null-case handling-behavior-behavior","         */","            onError(null, options);","        };","","        // run tests","        local.nop(local.modeTest &&","            document.querySelector('#testRunButton1') &&","            document.querySelector('#testRunButton1').click());","        break;","","","","    // run node js-env code - init-after","    /* istanbul ignore next */","    case 'node':","        local.testCase_buildApidoc_default = local.testCase_buildApidoc_default || function (","            options,","            onError","        ) {","        /*","         * this function will test buildApidoc's default handling-behavior-behavior","         */","            options = { modulePathList: module.paths };","            local.buildApidoc(options, onError);","        };","","        local.testCase_buildApp_default = local.testCase_buildApp_default || function (","            options,","            onError","        ) {","        /*","         * this function will test buildApp's default handling-behavior-behavior","         */","            local.testCase_buildReadme_default(options, local.onErrorThrow);","            local.testCase_buildLib_default(options, local.onErrorThrow);","            local.testCase_buildTest_default(options, local.onErrorThrow);","            local.testCase_buildCustomOrg_default(options, local.onErrorThrow);","            options = [];","            local.buildApp(options, onError);","        };","","        local.testCase_buildCustomOrg_default = local.testCase_buildCustomOrg_default ||","            function (options, onError) {","            /*","             * this function will test buildCustomOrg's default handling-behavior","             */","                options = {};","                local.buildCustomOrg(options, onError);","            };","","        local.testCase_buildLib_default = local.testCase_buildLib_default || function (","            options,","            onError","        ) {","        /*","         * this function will test buildLib's default handling-behavior","         */","            options = {};","            local.buildLib(options, onError);","        };","","        local.testCase_buildReadme_default = local.testCase_buildReadme_default || function (","            options,","            onError","        ) {","        /*","         * this function will test buildReadme's default handling-behavior-behavior","         */","            options = {};","            local.buildReadme(options, onError);","        };","","        local.testCase_buildTest_default = local.testCase_buildTest_default || function (","            options,","            onError","        ) {","        /*","         * this function will test buildTest's default handling-behavior","         */","            options = {};","            local.buildTest(options, onError);","        };","","        local.testCase_webpage_default = local.testCase_webpage_default || function (","            options,","            onError","        ) {","        /*","         * this function will test webpage's default handling-behavior","         */","            options = { modeCoverageMerge: true, url: local.serverLocalHost + '?modeTest=1' };","            local.browserTest(options, onError);","        };","","        // run test-server","        local.testRunServer(local);","        break;","    }","}());",""],"l":{"12":2,"14":2,"19":2,"21":2,"23":2,"24":2,"25":2,"30":1,"37":2,"40":2,"43":1,"47":1,"50":1,"52":1,"55":2,"61":2,"62":2,"64":2,"70":1,"76":1,"82":2,"83":2,"85":2,"91":1,"98":1,"102":1,"105":1,"112":1,"119":1,"120":1,"123":1,"130":1,"131":1,"132":1,"133":1,"134":1,"135":1,"138":1,"143":2,"144":2,"147":1,"154":2,"155":2,"158":1,"165":2,"166":2,"169":1,"176":2,"177":2,"180":1,"187":1,"188":1,"192":1,"193":1}},"/home/travis/build/npmtest/node-npmtest-karma-jasmine/lib.npmtest_karma_jasmine.js":{"path":"/home/travis/build/npmtest/node-npmtest-karma-jasmine/lib.npmtest_karma_jasmine.js","s":{"1":2,"2":2,"3":2,"4":2,"5":2,"6":2,"7":2,"8":1,"9":2,"10":2,"11":2,"12":2,"13":1,"14":1,"15":1,"16":1},"b":{"1":[2,1,1,1],"2":[1,1,1,1],"3":[1,1],"4":[2,2],"5":[1,1]},"f":{"1":2,"2":2,"3":2},"fnMap":{"1":{"name":"(anonymous_1)","line":12,"loc":{"start":{"line":12,"column":1},"end":{"line":12,"column":13}}},"2":{"name":"(anonymous_2)","line":19,"loc":{"start":{"line":19,"column":5},"end":{"line":19,"column":17}}},"3":{"name":"(anonymous_3)","line":23,"loc":{"start":{"line":23,"column":24},"end":{"line":23,"column":36}}}},"statementMap":{"1":{"start":{"line":12,"column":0},"end":{"line":53,"column":5}},"2":{"start":{"line":14,"column":4},"end":{"line":14,"column":14}},"3":{"start":{"line":19,"column":4},"end":{"line":52,"column":9}},"4":{"start":{"line":21,"column":8},"end":{"line":21,"column":19}},"5":{"start":{"line":23,"column":8},"end":{"line":35,"column":13}},"6":{"start":{"line":24,"column":12},"end":{"line":34,"column":13}},"7":{"start":{"line":25,"column":16},"end":{"line":28,"column":30}},"8":{"start":{"line":30,"column":16},"end":{"line":33,"column":27}},"9":{"start":{"line":37,"column":8},"end":{"line":39,"column":21}},"10":{"start":{"line":41,"column":8},"end":{"line":41,"column":54}},"11":{"start":{"line":43,"column":8},"end":{"line":43,"column":58}},"12":{"start":{"line":45,"column":8},"end":{"line":51,"column":9}},"13":{"start":{"line":46,"column":12},"end":{"line":46,"column":64}},"14":{"start":{"line":48,"column":12},"end":{"line":48,"column":35}},"15":{"start":{"line":49,"column":12},"end":{"line":49,"column":49}},"16":{"start":{"line":50,"column":12},"end":{"line":50,"column":43}}},"branchMap":{"1":{"line":25,"type":"binary-expr","locations":[{"start":{"line":25,"column":23},"end":{"line":25,"column":62}},{"start":{"line":26,"column":20},"end":{"line":26,"column":70}},{"start":{"line":27,"column":20},"end":{"line":27,"column":71}},{"start":{"line":28,"column":20},"end":{"line":28,"column":29}}]},"2":{"line":30,"type":"binary-expr","locations":[{"start":{"line":30,"column":23},"end":{"line":30,"column":37}},{"start":{"line":31,"column":20},"end":{"line":31,"column":61}},{"start":{"line":32,"column":20},"end":{"line":32,"column":70}},{"start":{"line":33,"column":20},"end":{"line":33,"column":26}}]},"3":{"line":37,"type":"cond-expr","locations":[{"start":{"line":38,"column":14},"end":{"line":38,"column":20}},{"start":{"line":39,"column":14},"end":{"line":39,"column":20}}]},"4":{"line":41,"type":"binary-expr","locations":[{"start":{"line":41,"column":16},"end":{"line":41,"column":44}},{"start":{"line":41,"column":48},"end":{"line":41,"column":53}}]},"5":{"line":45,"type":"if","locations":[{"start":{"line":45,"column":8},"end":{"line":45,"column":8}},{"start":{"line":45,"column":8},"end":{"line":45,"column":8}}]}},"code":["/* istanbul instrument in package npmtest_karma_jasmine */","/*jslint","    bitwise: true,","    browser: true,","    maxerr: 8,","    maxlen: 96,","    node: true,","    nomen: true,","    regexp: true,","    stupid: true","*/","(function () {","    'use strict';","    var local;","","","","    // run shared js-env code - init-before","    (function () {","        // init local","        local = {};","        // init modeJs","        local.modeJs = (function () {","            try {","                return typeof navigator.userAgent === 'string' &&","                    typeof document.querySelector('body') === 'object' &&","                    typeof XMLHttpRequest.prototype.open === 'function' &&","                    'browser';","            } catch (errorCaughtBrowser) {","                return module.exports &&","                    typeof process.versions.node === 'string' &&","                    typeof require('http').createServer === 'function' &&","                    'node';","            }","        }());","        // init global","        local.global = local.modeJs === 'browser'","            ? window","            : global;","        // init utility2_rollup","        local = local.global.utility2_rollup || local;","        // init lib","        local.local = local.npmtest_karma_jasmine = local;","        // init exports","        if (local.modeJs === 'browser') {","            local.global.utility2_npmtest_karma_jasmine = local;","        } else {","            module.exports = local;","            module.exports.__dirname = __dirname;","            module.exports.module = module;","        }","    }());","}());",""],"l":{"12":2,"14":2,"19":2,"21":2,"23":2,"24":2,"25":2,"30":1,"37":2,"41":2,"43":2,"45":2,"46":1,"48":1,"49":1,"50":1}},"/home/travis/build/npmtest/node-npmtest-karma-jasmine/example.js":{"path":"/home/travis/build/npmtest/node-npmtest-karma-jasmine/example.js","s":{"1":2,"2":2,"3":2,"4":2,"5":2,"6":2,"7":2,"8":1,"9":2,"10":2,"11":2,"12":2,"13":1,"14":2,"15":2,"16":2,"17":2,"18":2,"19":0,"20":2,"21":1,"22":1,"23":1,"24":1,"25":1,"26":0,"27":0,"28":1,"29":1,"30":2,"31":0,"32":0,"33":0,"34":1,"35":2,"36":2,"37":3,"38":3,"39":3,"40":3,"41":0,"42":3,"43":3,"44":3,"45":1,"46":3,"47":1,"48":1,"49":1,"50":1,"51":1,"52":1,"53":1,"54":1,"55":1,"56":1,"57":0,"58":1,"59":6,"60":6,"61":1,"62":2,"63":0,"64":2,"65":1,"66":1,"67":0,"68":0,"69":0,"70":0,"71":0,"72":0,"73":0,"74":0,"75":0,"76":0,"77":0,"78":0,"79":0,"80":0,"81":0,"82":0,"83":0},"b":{"1":[2,1,1,1],"2":[1,1,1,1],"3":[1,1],"4":[2,2],"5":[1,1],"6":[1,1],"7":[2,0],"8":[2,1,1,1,1,1],"9":[0,2,0],"10":[1,1],"11":[2,1,1],"12":[1,0],"13":[0,2],"14":[2,0,0,0,0,0,0],"15":[0,3],"16":[3,0],"17":[1,1],"18":[0,1],"19":[1,2,0,2],"20":[1,0],"21":[1,1],"22":[0,0],"23":[0,0],"24":[0,0],"25":[0,0],"26":[0,0],"27":[0,0],"28":[0,0]},"f":{"1":2,"2":2,"3":2,"4":2,"5":2,"6":2,"7":3,"8":3,"9":3,"10":1,"11":6,"12":0},"fnMap":{"1":{"name":"(anonymous_1)","line":26,"loc":{"start":{"line":26,"column":1},"end":{"line":26,"column":13}}},"2":{"name":"(anonymous_2)","line":33,"loc":{"start":{"line":33,"column":5},"end":{"line":33,"column":17}}},"3":{"name":"(anonymous_3)","line":37,"loc":{"start":{"line":37,"column":24},"end":{"line":37,"column":36}}},"4":{"name":"(anonymous_4)","line":69,"loc":{"start":{"line":69,"column":31},"end":{"line":69,"column":48}},"skip":true},"5":{"name":"(anonymous_5)","line":78,"loc":{"start":{"line":78,"column":26},"end":{"line":78,"column":45}},"skip":true},"6":{"name":"(anonymous_6)","line":123,"loc":{"start":{"line":123,"column":33},"end":{"line":123,"column":48}},"skip":true},"7":{"name":"(anonymous_7)","line":125,"loc":{"start":{"line":125,"column":27},"end":{"line":125,"column":39}},"skip":true},"8":{"name":"(anonymous_8)","line":133,"loc":{"start":{"line":133,"column":59},"end":{"line":133,"column":74}},"skip":true},"9":{"name":"(anonymous_9)","line":143,"loc":{"start":{"line":143,"column":45},"end":{"line":143,"column":62}},"skip":true},"10":{"name":"(anonymous_10)","line":144,"loc":{"start":{"line":144,"column":73},"end":{"line":144,"column":92}},"skip":true},"11":{"name":"(anonymous_11)","line":272,"loc":{"start":{"line":272,"column":51},"end":{"line":272,"column":77}},"skip":true},"12":{"name":"(anonymous_12)","line":315,"loc":{"start":{"line":315,"column":32},"end":{"line":315,"column":61}},"skip":true}},"statementMap":{"1":{"start":{"line":26,"column":0},"end":{"line":326,"column":5}},"2":{"start":{"line":28,"column":4},"end":{"line":28,"column":14}},"3":{"start":{"line":33,"column":4},"end":{"line":60,"column":9}},"4":{"start":{"line":35,"column":8},"end":{"line":35,"column":19}},"5":{"start":{"line":37,"column":8},"end":{"line":49,"column":13}},"6":{"start":{"line":38,"column":12},"end":{"line":48,"column":13}},"7":{"start":{"line":39,"column":16},"end":{"line":42,"column":30}},"8":{"start":{"line":44,"column":16},"end":{"line":47,"column":27}},"9":{"start":{"line":51,"column":8},"end":{"line":53,"column":21}},"10":{"start":{"line":55,"column":8},"end":{"line":57,"column":45}},"11":{"start":{"line":59,"column":8},"end":{"line":59,"column":35}},"12":{"start":{"line":61,"column":4},"end":{"line":325,"column":5}},"13":{"start":{"line":69,"column":8},"end":{"line":121,"column":10},"skip":true},"14":{"start":{"line":70,"column":12},"end":{"line":88,"column":13},"skip":true},"15":{"start":{"line":76,"column":16},"end":{"line":87,"column":19},"skip":true},"16":{"start":{"line":79,"column":20},"end":{"line":86,"column":21},"skip":true},"17":{"start":{"line":82,"column":24},"end":{"line":82,"column":43},"skip":true},"18":{"start":{"line":83,"column":24},"end":{"line":83,"column":30},"skip":true},"19":{"start":{"line":85,"column":24},"end":{"line":85,"column":49},"skip":true},"20":{"start":{"line":89,"column":12},"end":{"line":107,"column":13},"skip":true},"21":{"start":{"line":92,"column":16},"end":{"line":102,"column":17},"skip":true},"22":{"start":{"line":93,"column":20},"end":{"line":93,"column":86},"skip":true},"23":{"start":{"line":94,"column":20},"end":{"line":95,"column":45},"skip":true},"24":{"start":{"line":96,"column":20},"end":{"line":96,"column":42},"skip":true},"25":{"start":{"line":97,"column":20},"end":{"line":97,"column":48},"skip":true},"26":{"start":{"line":100,"column":20},"end":{"line":100,"column":85},"skip":true},"27":{"start":{"line":101,"column":20},"end":{"line":101,"column":96},"skip":true},"28":{"start":{"line":103,"column":16},"end":{"line":103,"column":22},"skip":true},"29":{"start":{"line":106,"column":16},"end":{"line":106,"column":22},"skip":true},"30":{"start":{"line":108,"column":12},"end":{"line":120,"column":13},"skip":true},"31":{"start":{"line":114,"column":16},"end":{"line":119,"column":17},"skip":true},"32":{"start":{"line":116,"column":20},"end":{"line":116,"column":78},"skip":true},"33":{"start":{"line":118,"column":20},"end":{"line":118,"column":47},"skip":true},"34":{"start":{"line":123,"column":8},"end":{"line":141,"column":11},"skip":true},"35":{"start":{"line":124,"column":12},"end":{"line":124,"column":54},"skip":true},"36":{"start":{"line":125,"column":12},"end":{"line":140,"column":14},"skip":true},"37":{"start":{"line":126,"column":16},"end":{"line":126,"column":28},"skip":true},"38":{"start":{"line":127,"column":16},"end":{"line":127,"column":69},"skip":true},"39":{"start":{"line":128,"column":16},"end":{"line":128,"column":75},"skip":true},"40":{"start":{"line":129,"column":16},"end":{"line":131,"column":17},"skip":true},"41":{"start":{"line":130,"column":20},"end":{"line":130,"column":27},"skip":true},"42":{"start":{"line":133,"column":16},"end":{"line":137,"column":36},"skip":true},"43":{"start":{"line":134,"column":20},"end":{"line":136,"column":55},"skip":true},"44":{"start":{"line":139,"column":16},"end":{"line":139,"column":57},"skip":true},"45":{"start":{"line":143,"column":8},"end":{"line":147,"column":11},"skip":true},"46":{"start":{"line":144,"column":12},"end":{"line":146,"column":15},"skip":true},"47":{"start":{"line":145,"column":16},"end":{"line":145,"column":70},"skip":true},"48":{"start":{"line":149,"column":8},"end":{"line":149,"column":31},"skip":true},"49":{"start":{"line":150,"column":8},"end":{"line":150,"column":14},"skip":true},"50":{"start":{"line":158,"column":8},"end":{"line":158,"column":31},"skip":true},"51":{"start":{"line":160,"column":8},"end":{"line":160,"column":33},"skip":true},"52":{"start":{"line":161,"column":8},"end":{"line":161,"column":37},"skip":true},"53":{"start":{"line":162,"column":8},"end":{"line":162,"column":35},"skip":true},"54":{"start":{"line":164,"column":8},"end":{"line":164,"column":50},"skip":true},"55":{"start":{"line":166,"column":8},"end":{"line":256,"column":2},"skip":true},"56":{"start":{"line":258,"column":8},"end":{"line":286,"column":9},"skip":true},"57":{"start":{"line":259,"column":12},"end":{"line":269,"column":14},"skip":true},"58":{"start":{"line":271,"column":12},"end":{"line":285,"column":19},"skip":true},"59":{"start":{"line":274,"column":20},"end":{"line":274,"column":35},"skip":true},"60":{"start":{"line":275,"column":20},"end":{"line":284,"column":21},"skip":true},"61":{"start":{"line":277,"column":24},"end":{"line":277,"column":64},"skip":true},"62":{"start":{"line":279,"column":24},"end":{"line":279,"column":40},"skip":true},"63":{"start":{"line":281,"column":24},"end":{"line":281,"column":40},"skip":true},"64":{"start":{"line":283,"column":24},"end":{"line":283,"column":39},"skip":true},"65":{"start":{"line":288,"column":8},"end":{"line":290,"column":9},"skip":true},"66":{"start":{"line":289,"column":12},"end":{"line":289,"column":18},"skip":true},"67":{"start":{"line":291,"column":8},"end":{"line":293,"column":54},"skip":true},"68":{"start":{"line":296,"column":8},"end":{"line":301,"column":37},"skip":true},"69":{"start":{"line":303,"column":8},"end":{"line":303,"column":82},"skip":true},"70":{"start":{"line":306,"column":8},"end":{"line":308,"column":9},"skip":true},"71":{"start":{"line":307,"column":12},"end":{"line":307,"column":82},"skip":true},"72":{"start":{"line":310,"column":8},"end":{"line":312,"column":9},"skip":true},"73":{"start":{"line":311,"column":12},"end":{"line":311,"column":18},"skip":true},"74":{"start":{"line":313,"column":8},"end":{"line":313,"column":54},"skip":true},"75":{"start":{"line":314,"column":8},"end":{"line":314,"column":69},"skip":true},"76":{"start":{"line":315,"column":8},"end":{"line":323,"column":36},"skip":true},"77":{"start":{"line":316,"column":12},"end":{"line":316,"column":61},"skip":true},"78":{"start":{"line":317,"column":12},"end":{"line":320,"column":13},"skip":true},"79":{"start":{"line":318,"column":16},"end":{"line":318,"column":75},"skip":true},"80":{"start":{"line":319,"column":16},"end":{"line":319,"column":23},"skip":true},"81":{"start":{"line":321,"column":12},"end":{"line":321,"column":38},"skip":true},"82":{"start":{"line":322,"column":12},"end":{"line":322,"column":27},"skip":true},"83":{"start":{"line":324,"column":8},"end":{"line":324,"column":14},"skip":true}},"branchMap":{"1":{"line":39,"type":"binary-expr","locations":[{"start":{"line":39,"column":23},"end":{"line":39,"column":62}},{"start":{"line":40,"column":20},"end":{"line":40,"column":70}},{"start":{"line":41,"column":20},"end":{"line":41,"column":71}},{"start":{"line":42,"column":20},"end":{"line":42,"column":29}}]},"2":{"line":44,"type":"binary-expr","locations":[{"start":{"line":44,"column":23},"end":{"line":44,"column":37}},{"start":{"line":45,"column":20},"end":{"line":45,"column":61}},{"start":{"line":46,"column":20},"end":{"line":46,"column":70}},{"start":{"line":47,"column":20},"end":{"line":47,"column":26}}]},"3":{"line":51,"type":"cond-expr","locations":[{"start":{"line":52,"column":14},"end":{"line":52,"column":20}},{"start":{"line":53,"column":14},"end":{"line":53,"column":20}}]},"4":{"line":55,"type":"binary-expr","locations":[{"start":{"line":55,"column":16},"end":{"line":55,"column":44}},{"start":{"line":55,"column":49},"end":{"line":57,"column":43}}]},"5":{"line":55,"type":"cond-expr","locations":[{"start":{"line":56,"column":14},"end":{"line":56,"column":57}},{"start":{"line":57,"column":14},"end":{"line":57,"column":43}}]},"6":{"line":61,"type":"switch","locations":[{"start":{"line":68,"column":4},"end":{"line":150,"column":14},"skip":true},{"start":{"line":156,"column":4},"end":{"line":324,"column":14},"skip":true}]},"7":{"line":70,"type":"if","locations":[{"start":{"line":70,"column":12},"end":{"line":70,"column":12},"skip":true},{"start":{"line":70,"column":12},"end":{"line":70,"column":12},"skip":true}]},"8":{"line":70,"type":"binary-expr","locations":[{"start":{"line":70,"column":16},"end":{"line":70,"column":22},"skip":true},{"start":{"line":70,"column":27},"end":{"line":70,"column":32},"skip":true},{"start":{"line":71,"column":20},"end":{"line":71,"column":39},"skip":true},{"start":{"line":72,"column":20},"end":{"line":72,"column":49},"skip":true},{"start":{"line":73,"column":20},"end":{"line":73,"column":58},"skip":true},{"start":{"line":74,"column":20},"end":{"line":74,"column":69},"skip":true}]},"9":{"line":79,"type":"switch","locations":[{"start":{"line":80,"column":20},"end":{"line":80,"column":33},"skip":true},{"start":{"line":81,"column":20},"end":{"line":83,"column":30},"skip":true},{"start":{"line":84,"column":20},"end":{"line":85,"column":49},"skip":true}]},"10":{"line":89,"type":"switch","locations":[{"start":{"line":90,"column":12},"end":{"line":103,"column":22},"skip":true},{"start":{"line":105,"column":12},"end":{"line":106,"column":22},"skip":true}]},"11":{"line":89,"type":"binary-expr","locations":[{"start":{"line":89,"column":20},"end":{"line":89,"column":25},"skip":true},{"start":{"line":89,"column":29},"end":{"line":89,"column":48},"skip":true},{"start":{"line":89,"column":52},"end":{"line":89,"column":74},"skip":true}]},"12":{"line":92,"type":"if","locations":[{"start":{"line":92,"column":16},"end":{"line":92,"column":16},"skip":true},{"start":{"line":92,"column":16},"end":{"line":92,"column":16},"skip":true}]},"13":{"line":108,"type":"if","locations":[{"start":{"line":108,"column":12},"end":{"line":108,"column":12},"skip":true},{"start":{"line":108,"column":12},"end":{"line":108,"column":12},"skip":true}]},"14":{"line":108,"type":"binary-expr","locations":[{"start":{"line":108,"column":16},"end":{"line":108,"column":61},"skip":true},{"start":{"line":108,"column":66},"end":{"line":108,"column":72},"skip":true},{"start":{"line":108,"column":77},"end":{"line":108,"column":82},"skip":true},{"start":{"line":109,"column":20},"end":{"line":109,"column":39},"skip":true},{"start":{"line":110,"column":20},"end":{"line":110,"column":49},"skip":true},{"start":{"line":111,"column":20},"end":{"line":111,"column":58},"skip":true},{"start":{"line":112,"column":20},"end":{"line":112,"column":68},"skip":true}]},"15":{"line":129,"type":"if","locations":[{"start":{"line":129,"column":16},"end":{"line":129,"column":16},"skip":true},{"start":{"line":129,"column":16},"end":{"line":129,"column":16},"skip":true}]},"16":{"line":134,"type":"cond-expr","locations":[{"start":{"line":135,"column":26},"end":{"line":135,"column":29},"skip":true},{"start":{"line":136,"column":26},"end":{"line":136,"column":54},"skip":true}]},"17":{"line":164,"type":"binary-expr","locations":[{"start":{"line":164,"column":27},"end":{"line":164,"column":43},"skip":true},{"start":{"line":164,"column":47},"end":{"line":164,"column":49},"skip":true}]},"18":{"line":258,"type":"if","locations":[{"start":{"line":258,"column":8},"end":{"line":258,"column":8},"skip":true},{"start":{"line":258,"column":8},"end":{"line":258,"column":8},"skip":true}]},"19":{"line":275,"type":"switch","locations":[{"start":{"line":276,"column":20},"end":{"line":277,"column":64},"skip":true},{"start":{"line":278,"column":20},"end":{"line":279,"column":40},"skip":true},{"start":{"line":280,"column":20},"end":{"line":281,"column":40},"skip":true},{"start":{"line":282,"column":20},"end":{"line":283,"column":39},"skip":true}]},"20":{"line":288,"type":"if","locations":[{"start":{"line":288,"column":8},"end":{"line":288,"column":8},"skip":true},{"start":{"line":288,"column":8},"end":{"line":288,"column":8},"skip":true}]},"21":{"line":288,"type":"binary-expr","locations":[{"start":{"line":288,"column":12},"end":{"line":288,"column":40},"skip":true},{"start":{"line":288,"column":44},"end":{"line":288,"column":67},"skip":true}]},"22":{"line":292,"type":"binary-expr","locations":[{"start":{"line":292,"column":12},"end":{"line":292,"column":50},"skip":true},{"start":{"line":293,"column":12},"end":{"line":293,"column":53},"skip":true}]},"23":{"line":297,"type":"binary-expr","locations":[{"start":{"line":297,"column":12},"end":{"line":297,"column":71},"skip":true},{"start":{"line":298,"column":12},"end":{"line":301,"column":36},"skip":true}]},"24":{"line":303,"type":"binary-expr","locations":[{"start":{"line":303,"column":43},"end":{"line":303,"column":75},"skip":true},{"start":{"line":303,"column":79},"end":{"line":303,"column":81},"skip":true}]},"25":{"line":306,"type":"if","locations":[{"start":{"line":306,"column":8},"end":{"line":306,"column":8},"skip":true},{"start":{"line":306,"column":8},"end":{"line":306,"column":8},"skip":true}]},"26":{"line":310,"type":"if","locations":[{"start":{"line":310,"column":8},"end":{"line":310,"column":8},"skip":true},{"start":{"line":310,"column":8},"end":{"line":310,"column":8},"skip":true}]},"27":{"line":313,"type":"binary-expr","locations":[{"start":{"line":313,"column":27},"end":{"line":313,"column":43},"skip":true},{"start":{"line":313,"column":47},"end":{"line":313,"column":53},"skip":true}]},"28":{"line":317,"type":"if","locations":[{"start":{"line":317,"column":12},"end":{"line":317,"column":12},"skip":true},{"start":{"line":317,"column":12},"end":{"line":317,"column":12},"skip":true}]}},"code":["/*","example.js","","quickstart example","","instruction","    1. save this script as example.js","    2. run the shell command:","        $ npm install npmtest-karma-jasmine && PORT=8081 node example.js","    3. play with the browser-demo on http://127.0.0.1:8081","*/","","","","/* istanbul instrument in package npmtest_karma_jasmine */","/*jslint","    bitwise: true,","    browser: true,","    maxerr: 8,","    maxlen: 96,","    node: true,","    nomen: true,","    regexp: true,","    stupid: true","*/","(function () {","    'use strict';","    var local;","","","","    // run shared js-env code - init-before","    (function () {","        // init local","        local = {};","        // init modeJs","        local.modeJs = (function () {","            try {","                return typeof navigator.userAgent === 'string' &&","                    typeof document.querySelector('body') === 'object' &&","                    typeof XMLHttpRequest.prototype.open === 'function' &&","                    'browser';","            } catch (errorCaughtBrowser) {","                return module.exports &&","                    typeof process.versions.node === 'string' &&","                    typeof require('http').createServer === 'function' &&","                    'node';","            }","        }());","        // init global","        local.global = local.modeJs === 'browser'","            ? window","            : global;","        // init utility2_rollup","        local = local.global.utility2_rollup || (local.modeJs === 'browser'","            ? local.global.utility2_npmtest_karma_jasmine","            : global.utility2_moduleExports);","        // export local","        local.global.local = local;","    }());","    switch (local.modeJs) {","","","","    // init-after","    // run browser js-env code - init-after","    /* istanbul ignore next */","    case 'browser':","        local.testRunBrowser = function (event) {","            if (!event || (event &&","                    event.currentTarget &&","                    event.currentTarget.className &&","                    event.currentTarget.className.includes &&","                    event.currentTarget.className.includes('onreset'))) {","                // reset output","                Array.from(","                    document.querySelectorAll('body > .resettable')","                ).forEach(function (element) {","                    switch (element.tagName) {","                    case 'INPUT':","                    case 'TEXTAREA':","                        element.value = '';","                        break;","                    default:","                        element.textContent = '';","                    }","                });","            }","            switch (event && event.currentTarget && event.currentTarget.id) {","            case 'testRunButton1':","                // show tests","                if (document.querySelector('#testReportDiv1').style.display === 'none') {","                    document.querySelector('#testReportDiv1').style.display = 'block';","                    document.querySelector('#testRunButton1').textContent =","                        'hide internal test';","                    local.modeTest = true;","                    local.testRunDefault(local);","                // hide tests","                } else {","                    document.querySelector('#testReportDiv1').style.display = 'none';","                    document.querySelector('#testRunButton1').textContent = 'run internal test';","                }","                break;","            // custom-case","            default:","                break;","            }","            if (document.querySelector('#inputTextareaEval1') && (!event || (event &&","                    event.currentTarget &&","                    event.currentTarget.className &&","                    event.currentTarget.className.includes &&","                    event.currentTarget.className.includes('oneval')))) {","                // try to eval input-code","                try {","                    /*jslint evil: true*/","                    eval(document.querySelector('#inputTextareaEval1').value);","                } catch (errorCaught) {","                    console.error(errorCaught);","                }","            }","        };","        // log stderr and stdout to #outputTextareaStdout1","        ['error', 'log'].forEach(function (key) {","            console[key + '_original'] = console[key];","            console[key] = function () {","                var element;","                console[key + '_original'].apply(console, arguments);","                element = document.querySelector('#outputTextareaStdout1');","                if (!element) {","                    return;","                }","                // append text to #outputTextareaStdout1","                element.value += Array.from(arguments).map(function (arg) {","                    return typeof arg === 'string'","                        ? arg","                        : JSON.stringify(arg, null, 4);","                }).join(' ') + '\\n';","                // scroll textarea to bottom","                element.scrollTop = element.scrollHeight;","            };","        });","        // init event-handling","        ['change', 'click', 'keyup'].forEach(function (event) {","            Array.from(document.querySelectorAll('.on' + event)).forEach(function (element) {","                element.addEventListener(event, local.testRunBrowser);","            });","        });","        // run tests","        local.testRunBrowser();","        break;","","","","    // run node js-env code - init-after","    /* istanbul ignore next */","    case 'node':","        // export local","        module.exports = local;","        // require modules","        local.fs = require('fs');","        local.http = require('http');","        local.url = require('url');","        // init assets","        local.assetsDict = local.assetsDict || {};","        /* jslint-ignore-begin */","        local.assetsDict['/assets.index.template.html'] = '\\","<!doctype html>\\n\\","<html lang=\"en\">\\n\\","<head>\\n\\","<meta charset=\"UTF-8\">\\n\\","<meta name=\"viewport\" content=\"width=device-width, initial-scale=1\">\\n\\","<title>{{env.npm_package_name}} (v{{env.npm_package_version}})</title>\\n\\","<style>\\n\\","/*csslint\\n\\","    box-sizing: false,\\n\\","    universal-selector: false\\n\\","*/\\n\\","* {\\n\\","    box-sizing: border-box;\\n\\","}\\n\\","body {\\n\\","    background: #dde;\\n\\","    font-family: Arial, Helvetica, sans-serif;\\n\\","    margin: 2rem;\\n\\","}\\n\\","body > * {\\n\\","    margin-bottom: 1rem;\\n\\","}\\n\\",".utility2FooterDiv {\\n\\","    margin-top: 20px;\\n\\","    text-align: center;\\n\\","}\\n\\","</style>\\n\\","<style>\\n\\","/*csslint\\n\\","*/\\n\\","textarea {\\n\\","    font-family: monospace;\\n\\","    height: 10rem;\\n\\","    width: 100%;\\n\\","}\\n\\","textarea[readonly] {\\n\\","    background: #ddd;\\n\\","}\\n\\","</style>\\n\\","</head>\\n\\","<body>\\n\\","<!-- utility2-comment\\n\\","<div id=\"ajaxProgressDiv1\" style=\"background: #d00; height: 2px; left: 0; margin: 0; padding: 0; position: fixed; top: 0; transition: background 0.5s, width 1.5s; width: 25%;\"></div>\\n\\","utility2-comment -->\\n\\","<h1>\\n\\","<!-- utility2-comment\\n\\","    <a\\n\\","        {{#if env.npm_package_homepage}}\\n\\","        href=\"{{env.npm_package_homepage}}\"\\n\\","        {{/if env.npm_package_homepage}}\\n\\","        target=\"_blank\"\\n\\","    >\\n\\","utility2-comment -->\\n\\","        {{env.npm_package_name}} (v{{env.npm_package_version}})\\n\\","<!-- utility2-comment\\n\\","    </a>\\n\\","utility2-comment -->\\n\\","</h1>\\n\\","<h3>{{env.npm_package_description}}</h3>\\n\\","<!-- utility2-comment\\n\\","<h4><a download href=\"assets.app.js\">download standalone app</a></h4>\\n\\","<button class=\"onclick onreset\" id=\"testRunButton1\">run internal test</button><br>\\n\\","<div id=\"testReportDiv1\" style=\"display: none;\"></div>\\n\\","utility2-comment -->\\n\\","\\n\\","\\n\\","\\n\\","<label>stderr and stdout</label>\\n\\","<textarea class=\"resettable\" id=\"outputTextareaStdout1\" readonly></textarea>\\n\\","<!-- utility2-comment\\n\\","{{#if isRollup}}\\n\\","<script src=\"assets.app.js\"></script>\\n\\","{{#unless isRollup}}\\n\\","utility2-comment -->\\n\\","<script src=\"assets.utility2.rollup.js\"></script>\\n\\","<script src=\"jsonp.utility2._stateInit?callback=window.utility2._stateInit\"></script>\\n\\","<script src=\"assets.npmtest_karma_jasmine.rollup.js\"></script>\\n\\","<script src=\"assets.example.js\"></script>\\n\\","<script src=\"assets.test.js\"></script>\\n\\","<!-- utility2-comment\\n\\","{{/if isRollup}}\\n\\","utility2-comment -->\\n\\","<div class=\"utility2FooterDiv\">\\n\\","    [ this app was created with\\n\\","    <a href=\"https://github.com/kaizhu256/node-utility2\" target=\"_blank\">utility2</a>\\n\\","    ]\\n\\","</div>\\n\\","</body>\\n\\","</html>\\n\\","';","        /* jslint-ignore-end */","        if (local.templateRender) {","            local.assetsDict['/'] = local.templateRender(","                local.assetsDict['/assets.index.template.html'],","                {","                    env: local.objectSetDefault(local.env, {","                        npm_package_description: 'the greatest app in the world!',","                        npm_package_name: 'my-app',","                        npm_package_nameAlias: 'my_app',","                        npm_package_version: '0.0.1'","                    })","                }","            );","        } else {","            local.assetsDict['/'] = local.assetsDict['/assets.index.template.html']","                .replace((/\\{\\{env\\.(\\w+?)\\}\\}/g), function (match0, match1) {","                    // jslint-hack","                    String(match0);","                    switch (match1) {","                    case 'npm_package_description':","                        return 'the greatest app in the world!';","                    case 'npm_package_name':","                        return 'my-app';","                    case 'npm_package_nameAlias':","                        return 'my_app';","                    case 'npm_package_version':","                        return '0.0.1';","                    }","                });","        }","        // run the cli","        if (local.global.utility2_rollup || module !== require.main) {","            break;","        }","        local.assetsDict['/assets.example.js'] =","            local.assetsDict['/assets.example.js'] ||","            local.fs.readFileSync(__filename, 'utf8');","        // bug-workaround - long $npm_package_buildCustomOrg","        /* jslint-ignore-begin */","        local.assetsDict['/assets.npmtest_karma_jasmine.rollup.js'] =","            local.assetsDict['/assets.npmtest_karma_jasmine.rollup.js'] ||","            local.fs.readFileSync(","                local.npmtest_karma_jasmine.__dirname + '/lib.npmtest_karma_jasmine.js',","                'utf8'","            ).replace((/^#!/), '//');","        /* jslint-ignore-end */","        local.assetsDict['/favicon.ico'] = local.assetsDict['/favicon.ico'] || '';","        // if $npm_config_timeout_exit exists,","        // then exit this process after $npm_config_timeout_exit ms","        if (Number(process.env.npm_config_timeout_exit)) {","            setTimeout(process.exit, Number(process.env.npm_config_timeout_exit));","        }","        // start server","        if (local.global.utility2_serverHttp1) {","            break;","        }","        process.env.PORT = process.env.PORT || '8081';","        console.error('server starting on port ' + process.env.PORT);","        local.http.createServer(function (request, response) {","            request.urlParsed = local.url.parse(request.url);","            if (local.assetsDict[request.urlParsed.pathname] !== undefined) {","                response.end(local.assetsDict[request.urlParsed.pathname]);","                return;","            }","            response.statusCode = 404;","            response.end();","        }).listen(process.env.PORT);","        break;","    }","}());",""],"l":{"26":2,"28":2,"33":2,"35":2,"37":2,"38":2,"39":2,"44":1,"51":2,"55":2,"59":2,"61":2,"69":1,"70":2,"76":2,"79":2,"82":2,"83":2,"85":1,"89":2,"92":1,"93":1,"94":1,"96":1,"97":1,"100":1,"101":1,"103":1,"106":1,"108":2,"114":1,"116":1,"118":1,"123":1,"124":2,"125":2,"126":3,"127":3,"128":3,"129":3,"130":1,"133":3,"134":3,"139":3,"143":1,"144":3,"145":1,"149":1,"150":1,"158":1,"160":1,"161":1,"162":1,"164":1,"166":1,"258":1,"259":1,"271":1,"274":6,"275":6,"277":1,"279":2,"281":1,"283":2,"288":1,"289":1,"291":1,"296":1,"303":1,"306":1,"307":1,"310":1,"311":1,"313":1,"314":1,"315":1,"316":1,"317":1,"318":1,"319":1,"321":1,"322":1,"324":1}},"/home/travis/build/npmtest/node-npmtest-karma-jasmine/node_modules/karma-jasmine/lib/index.js":{"path":"/home/travis/build/npmtest/node-npmtest-karma-jasmine/node_modules/karma-jasmine/lib/index.js","s":{"1":1,"2":1,"3":0,"4":1,"5":0,"6":0,"7":0,"8":0,"9":1,"10":1},"b":{},"f":{"1":0,"2":0},"fnMap":{"1":{"name":"(anonymous_1)","line":3,"loc":{"start":{"line":3,"column":20},"end":{"line":3,"column":39}}},"2":{"name":"(anonymous_2)","line":7,"loc":{"start":{"line":7,"column":18},"end":{"line":7,"column":35}}}},"statementMap":{"1":{"start":{"line":1,"column":0},"end":{"line":1,"column":26}},"2":{"start":{"line":3,"column":0},"end":{"line":5,"column":1}},"3":{"start":{"line":4,"column":2},"end":{"line":4,"column":73}},"4":{"start":{"line":7,"column":0},"end":{"line":12,"column":1}},"5":{"start":{"line":8,"column":2},"end":{"line":8,"column":65}},"6":{"start":{"line":9,"column":2},"end":{"line":9,"column":67}},"7":{"start":{"line":10,"column":2},"end":{"line":10,"column":64}},"8":{"start":{"line":11,"column":2},"end":{"line":11,"column":72}},"9":{"start":{"line":14,"column":0},"end":{"line":14,"column":38}},"10":{"start":{"line":16,"column":0},"end":{"line":18,"column":1}}},"branchMap":{},"code":["var path = require('path')","","var createPattern = function (pattern) {","  return {pattern: pattern, included: true, served: true, watched: false}","}","","var initJasmine = function (files) {","  var jasminePath = path.dirname(require.resolve('jasmine-core'))","  files.unshift(createPattern(path.join(__dirname, '/adapter.js')))","  files.unshift(createPattern(path.join(__dirname, '/boot.js')))","  files.unshift(createPattern(jasminePath + '/jasmine-core/jasmine.js'))","}","","initJasmine.$inject = ['config.files']","","module.exports = {","  'framework:jasmine': ['factory', initJasmine]","}",""],"l":{"1":1,"3":1,"4":0,"7":1,"8":0,"9":0,"10":0,"11":0,"14":1,"16":1}},"/home/travis/build/npmtest/node-npmtest-karma-jasmine/node_modules/karma-jasmine/wallaby.js":{"path":"/home/travis/build/npmtest/node-npmtest-karma-jasmine/node_modules/karma-jasmine/wallaby.js","s":{"1":1,"2":0,"3":0},"b":{},"f":{"1":0,"2":0},"fnMap":{"1":{"name":"(anonymous_1)","line":1,"loc":{"start":{"line":1,"column":17},"end":{"line":1,"column":29}}},"2":{"name":"(anonymous_2)","line":15,"loc":{"start":{"line":15,"column":11},"end":{"line":15,"column":23}}}},"statementMap":{"1":{"start":{"line":1,"column":0},"end":{"line":21,"column":1}},"2":{"start":{"line":2,"column":2},"end":{"line":20,"column":3}},"3":{"start":{"line":16,"column":6},"end":{"line":16,"column":37}}},"branchMap":{},"code":["module.exports = function () {","  return {","    files: [","      {pattern: 'node_modules/socket.io-client/socket.io.js', instrument: false},","      {pattern: 'node_modules/karma/static/karma.js', instrument: false},","","      'src/adapter.js',","      'test/mocks.js'","    ],","","    tests: [","      'test/**/*.spec.js'","    ],","","    setup: function () {","      window.__karma__ = window.karma","    },","","    testFramework: 'jasmine@2.4.1'","  }","}",""],"l":{"1":1,"2":0,"16":0}},"/home/travis/build/npmtest/node-npmtest-karma-jasmine/node_modules/karma-jasmine/lib/adapter.js":{"path":"/home/travis/build/npmtest/node-npmtest-karma-jasmine/node_modules/karma-jasmine/lib/adapter.js","s":{"1":2,"2":1,"3":0,"4":1,"5":0,"6":0,"7":0,"8":0,"9":0,"10":0,"11":0,"12":0,"13":0,"14":0,"15":0,"16":0,"17":1,"18":0,"19":0,"20":0,"21":0,"22":0,"23":0,"24":0,"25":0,"26":0,"27":0,"28":0,"29":0,"30":0,"31":0,"32":0,"33":1,"34":0,"35":0,"36":0,"37":0,"38":0,"39":0,"40":0,"41":1,"42":0,"43":0,"44":0,"45":0,"46":0,"47":0,"48":0,"49":0,"50":0,"51":0,"52":1,"53":0,"54":0,"55":0,"56":1,"57":0,"58":0,"59":1,"60":0,"61":0,"62":0,"63":0,"64":0,"65":0,"66":0,"67":0,"68":0,"69":0,"70":0,"71":0,"72":0,"73":0,"74":0,"75":0,"76":0,"77":0,"78":0,"79":0,"80":0,"81":0,"82":0,"83":0,"84":0,"85":0,"86":0,"87":0,"88":2,"89":0,"90":0,"91":0,"92":0,"93":0,"94":0,"95":0,"96":0,"97":0,"98":0,"99":0,"100":2,"101":0,"102":0,"103":0,"104":0,"105":2,"106":0,"107":0,"108":0,"109":0,"110":1,"111":0,"112":0,"113":0,"114":0,"115":0,"116":0,"117":0,"118":0,"119":0,"120":1,"121":0,"122":0,"123":1,"124":0,"125":0,"126":0,"127":0,"128":0,"129":0,"130":0,"131":0,"132":0,"133":0,"134":0,"135":0,"136":1,"137":0,"138":0,"139":0,"140":0,"141":0,"142":0,"143":0,"144":0,"145":1,"146":0,"147":0,"148":0,"149":0,"150":0,"151":0,"152":0,"153":2,"154":0},"b":{"1":[0,0,0],"2":[0,0],"3":[0,0],"4":[0,0],"5":[0,0],"6":[0,0],"7":[0,0],"8":[0,0],"9":[0,0],"10":[0,0],"11":[0,0],"12":[0,0],"13":[0,0],"14":[0,0],"15":[0,0],"16":[0,0],"17":[0,0],"18":[0,0],"19":[0,0],"20":[0,0],"21":[0,0],"22":[0,0],"23":[0,0],"24":[0,0,0],"25":[0,0],"26":[0,0],"27":[0,0],"28":[0,0],"29":[0,0],"30":[0,0],"31":[0,0],"32":[0,0],"33":[0,0],"34":[0,0],"35":[0,0],"36":[0,0],"37":[0,0],"38":[0,0],"39":[0,0],"40":[0,2]},"f":{"1":2,"2":0,"3":0,"4":0,"5":0,"6":0,"7":0,"8":0,"9":0,"10":0,"11":0,"12":0,"13":0,"14":0,"15":0,"16":0,"17":0,"18":0,"19":0,"20":0,"21":0,"22":0,"23":0,"24":0,"25":0,"26":0,"27":0,"28":0,"29":0,"30":0},"fnMap":{"1":{"name":"(anonymous_1)","line":1,"loc":{"start":{"line":1,"column":1},"end":{"line":1,"column":18}}},"2":{"name":"isExternalStackEntry","line":12,"loc":{"start":{"line":12,"column":0},"end":{"line":12,"column":38}}},"3":{"name":"getRelevantStackFrom","line":25,"loc":{"start":{"line":25,"column":0},"end":{"line":25,"column":38}}},"4":{"name":"formatFailedStep","line":64,"loc":{"start":{"line":64,"column":0},"end":{"line":64,"column":33}}},"5":{"name":"SuiteNode","line":118,"loc":{"start":{"line":118,"column":0},"end":{"line":118,"column":34}}},"6":{"name":"(anonymous_6)","line":123,"loc":{"start":{"line":123,"column":18},"end":{"line":123,"column":34}}},"7":{"name":"processSuite","line":130,"loc":{"start":{"line":130,"column":0},"end":{"line":130,"column":39}}},"8":{"name":"getAllSpecNames","line":149,"loc":{"start":{"line":149,"column":0},"end":{"line":149,"column":36}}},"9":{"name":"KarmaReporter","line":160,"loc":{"start":{"line":160,"column":0},"end":{"line":160,"column":40}}},"10":{"name":"isTopLevelSuite","line":171,"loc":{"start":{"line":171,"column":2},"end":{"line":171,"column":35}}},"11":{"name":"(anonymous_11)","line":186,"loc":{"start":{"line":186,"column":24},"end":{"line":186,"column":40}}},"12":{"name":"(anonymous_12)","line":194,"loc":{"start":{"line":194,"column":21},"end":{"line":194,"column":39}}},"13":{"name":"(anonymous_13)","line":202,"loc":{"start":{"line":202,"column":22},"end":{"line":202,"column":40}}},"14":{"name":"(anonymous_14)","line":208,"loc":{"start":{"line":208,"column":19},"end":{"line":208,"column":37}}},"15":{"name":"(anonymous_15)","line":218,"loc":{"start":{"line":218,"column":21},"end":{"line":218,"column":43}}},"16":{"name":"(anonymous_16)","line":222,"loc":{"start":{"line":222,"column":18},"end":{"line":222,"column":40}}},"17":{"name":"(anonymous_17)","line":262,"loc":{"start":{"line":262,"column":20},"end":{"line":262,"column":47}}},"18":{"name":"(anonymous_18)","line":272,"loc":{"start":{"line":272,"column":39},"end":{"line":272,"column":54}}},"19":{"name":"(anonymous_19)","line":274,"loc":{"start":{"line":274,"column":8},"end":{"line":274,"column":23}}},"20":{"name":"(anonymous_20)","line":288,"loc":{"start":{"line":288,"column":22},"end":{"line":288,"column":41}}},"21":{"name":"(anonymous_21)","line":292,"loc":{"start":{"line":292,"column":17},"end":{"line":292,"column":37}}},"22":{"name":"(anonymous_22)","line":301,"loc":{"start":{"line":301,"column":23},"end":{"line":301,"column":53}}},"23":{"name":"(anonymous_23)","line":303,"loc":{"start":{"line":303,"column":18},"end":{"line":303,"column":30}}},"24":{"name":"(anonymous_24)","line":308,"loc":{"start":{"line":308,"column":26},"end":{"line":308,"column":42}}},"25":{"name":"createStartFn","line":323,"loc":{"start":{"line":323,"column":0},"end":{"line":323,"column":43}}},"26":{"name":"(anonymous_26)","line":325,"loc":{"start":{"line":325,"column":9},"end":{"line":325,"column":21}}},"27":{"name":"setOption","line":339,"loc":{"start":{"line":339,"column":2},"end":{"line":339,"column":35}}},"28":{"name":"indexOf","line":346,"loc":{"start":{"line":346,"column":0},"end":{"line":346,"column":48}}},"29":{"name":"filter","line":362,"loc":{"start":{"line":362,"column":0},"end":{"line":362,"column":52}}},"30":{"name":"map","line":377,"loc":{"start":{"line":377,"column":0},"end":{"line":377,"column":49}}}},"statementMap":{"1":{"start":{"line":1,"column":0},"end":{"line":395,"column":52}},"2":{"start":{"line":12,"column":0},"end":{"line":18,"column":1}},"3":{"start":{"line":13,"column":2},"end":{"line":17,"column":43}},"4":{"start":{"line":25,"column":0},"end":{"line":50,"column":1}},"5":{"start":{"line":26,"column":2},"end":{"line":26,"column":24}},"6":{"start":{"line":27,"column":2},"end":{"line":27,"column":24}},"7":{"start":{"line":29,"column":2},"end":{"line":29,"column":27}},"8":{"start":{"line":31,"column":2},"end":{"line":35,"column":3}},"9":{"start":{"line":32,"column":4},"end":{"line":34,"column":5}},"10":{"start":{"line":33,"column":6},"end":{"line":33,"column":34}},"11":{"start":{"line":39,"column":2},"end":{"line":41,"column":3}},"12":{"start":{"line":40,"column":4},"end":{"line":40,"column":25}},"13":{"start":{"line":43,"column":2},"end":{"line":47,"column":3}},"14":{"start":{"line":44,"column":4},"end":{"line":46,"column":5}},"15":{"start":{"line":45,"column":6},"end":{"line":45,"column":42}},"16":{"start":{"line":49,"column":2},"end":{"line":49,"column":22}},"17":{"start":{"line":64,"column":0},"end":{"line":116,"column":1}},"18":{"start":{"line":67,"column":2},"end":{"line":67,"column":42}},"19":{"start":{"line":67,"column":21},"end":{"line":67,"column":41}},"20":{"start":{"line":69,"column":2},"end":{"line":69,"column":26}},"21":{"start":{"line":70,"column":2},"end":{"line":70,"column":24}},"22":{"start":{"line":74,"column":2},"end":{"line":74,"column":62}},"23":{"start":{"line":76,"column":2},"end":{"line":76,"column":54}},"24":{"start":{"line":82,"column":2},"end":{"line":92,"column":3}},"25":{"start":{"line":83,"column":4},"end":{"line":91,"column":5}},"26":{"start":{"line":86,"column":6},"end":{"line":86,"column":47}},"27":{"start":{"line":90,"column":6},"end":{"line":90,"column":49}},"28":{"start":{"line":95,"column":2},"end":{"line":107,"column":3}},"29":{"start":{"line":97,"column":4},"end":{"line":97,"column":38}},"30":{"start":{"line":102,"column":4},"end":{"line":106,"column":5}},"31":{"start":{"line":105,"column":6},"end":{"line":105,"column":27}},"32":{"start":{"line":115,"column":2},"end":{"line":115,"column":57}},"33":{"start":{"line":118,"column":0},"end":{"line":128,"column":1}},"34":{"start":{"line":119,"column":2},"end":{"line":119,"column":18}},"35":{"start":{"line":120,"column":2},"end":{"line":120,"column":22}},"36":{"start":{"line":121,"column":2},"end":{"line":121,"column":20}},"37":{"start":{"line":123,"column":2},"end":{"line":127,"column":3}},"38":{"start":{"line":124,"column":4},"end":{"line":124,"column":41}},"39":{"start":{"line":125,"column":4},"end":{"line":125,"column":29}},"40":{"start":{"line":126,"column":4},"end":{"line":126,"column":16}},"41":{"start":{"line":130,"column":0},"end":{"line":147,"column":1}},"42":{"start":{"line":131,"column":2},"end":{"line":131,"column":11}},"43":{"start":{"line":132,"column":2},"end":{"line":132,"column":18}},"44":{"start":{"line":134,"column":2},"end":{"line":146,"column":3}},"45":{"start":{"line":135,"column":4},"end":{"line":135,"column":29}},"46":{"start":{"line":137,"column":4},"end":{"line":145,"column":5}},"47":{"start":{"line":138,"column":6},"end":{"line":138,"column":57}},"48":{"start":{"line":139,"column":6},"end":{"line":139,"column":39}},"49":{"start":{"line":141,"column":6},"end":{"line":143,"column":7}},"50":{"start":{"line":142,"column":8},"end":{"line":142,"column":22}},"51":{"start":{"line":144,"column":6},"end":{"line":144,"column":39}},"52":{"start":{"line":149,"column":0},"end":{"line":155,"column":1}},"53":{"start":{"line":150,"column":2},"end":{"line":150,"column":20}},"54":{"start":{"line":152,"column":2},"end":{"line":152,"column":35}},"55":{"start":{"line":154,"column":2},"end":{"line":154,"column":18}},"56":{"start":{"line":160,"column":0},"end":{"line":255,"column":1}},"57":{"start":{"line":161,"column":2},"end":{"line":161,"column":36}},"58":{"start":{"line":165,"column":2},"end":{"line":165,"column":18}},"59":{"start":{"line":171,"column":2},"end":{"line":173,"column":3}},"60":{"start":{"line":172,"column":4},"end":{"line":172,"column":57}},"61":{"start":{"line":186,"column":2},"end":{"line":192,"column":3}},"62":{"start":{"line":188,"column":4},"end":{"line":191,"column":6}},"63":{"start":{"line":194,"column":2},"end":{"line":200,"column":3}},"64":{"start":{"line":195,"column":4},"end":{"line":195,"column":25}},"65":{"start":{"line":196,"column":4},"end":{"line":199,"column":6}},"66":{"start":{"line":202,"column":2},"end":{"line":206,"column":3}},"67":{"start":{"line":203,"column":4},"end":{"line":205,"column":5}},"68":{"start":{"line":204,"column":6},"end":{"line":204,"column":62}},"69":{"start":{"line":208,"column":2},"end":{"line":216,"column":3}},"70":{"start":{"line":211,"column":4},"end":{"line":213,"column":5}},"71":{"start":{"line":212,"column":6},"end":{"line":212,"column":12}},"72":{"start":{"line":215,"column":4},"end":{"line":215,"column":38}},"73":{"start":{"line":218,"column":2},"end":{"line":220,"column":3}},"74":{"start":{"line":219,"column":4},"end":{"line":219,"column":48}},"75":{"start":{"line":222,"column":2},"end":{"line":254,"column":3}},"76":{"start":{"line":223,"column":4},"end":{"line":223,"column":85}},"77":{"start":{"line":225,"column":4},"end":{"line":236,"column":5}},"78":{"start":{"line":239,"column":4},"end":{"line":239,"column":35}},"79":{"start":{"line":240,"column":4},"end":{"line":243,"column":5}},"80":{"start":{"line":241,"column":6},"end":{"line":241,"column":45}},"81":{"start":{"line":242,"column":6},"end":{"line":242,"column":40}},"82":{"start":{"line":245,"column":4},"end":{"line":250,"column":5}},"83":{"start":{"line":246,"column":6},"end":{"line":246,"column":47}},"84":{"start":{"line":247,"column":6},"end":{"line":249,"column":7}},"85":{"start":{"line":248,"column":8},"end":{"line":248,"column":51}},"86":{"start":{"line":252,"column":4},"end":{"line":252,"column":21}},"87":{"start":{"line":253,"column":4},"end":{"line":253,"column":31}},"88":{"start":{"line":262,"column":0},"end":{"line":282,"column":1}},"89":{"start":{"line":263,"column":2},"end":{"line":263,"column":33}},"90":{"start":{"line":265,"column":2},"end":{"line":281,"column":3}},"91":{"start":{"line":266,"column":4},"end":{"line":266,"column":56}},"92":{"start":{"line":268,"column":4},"end":{"line":270,"column":5}},"93":{"start":{"line":269,"column":6},"end":{"line":269,"column":45}},"94":{"start":{"line":272,"column":4},"end":{"line":276,"column":15}},"95":{"start":{"line":273,"column":6},"end":{"line":273,"column":32}},"96":{"start":{"line":275,"column":6},"end":{"line":275,"column":41}},"97":{"start":{"line":277,"column":9},"end":{"line":281,"column":3}},"98":{"start":{"line":278,"column":4},"end":{"line":278,"column":54}},"99":{"start":{"line":280,"column":4},"end":{"line":280,"column":32}},"100":{"start":{"line":288,"column":0},"end":{"line":295,"column":1}},"101":{"start":{"line":289,"column":2},"end":{"line":289,"column":124}},"102":{"start":{"line":290,"column":2},"end":{"line":290,"column":46}},"103":{"start":{"line":292,"column":2},"end":{"line":294,"column":3}},"104":{"start":{"line":293,"column":4},"end":{"line":293,"column":39}},"105":{"start":{"line":301,"column":0},"end":{"line":311,"column":1}},"106":{"start":{"line":302,"column":2},"end":{"line":306,"column":4}},"107":{"start":{"line":304,"column":6},"end":{"line":304,"column":39}},"108":{"start":{"line":308,"column":2},"end":{"line":310,"column":3}},"109":{"start":{"line":309,"column":4},"end":{"line":309,"column":49}},"110":{"start":{"line":323,"column":0},"end":{"line":344,"column":1}},"111":{"start":{"line":325,"column":2},"end":{"line":337,"column":3}},"112":{"start":{"line":326,"column":4},"end":{"line":326,"column":41}},"113":{"start":{"line":327,"column":4},"end":{"line":327,"column":50}},"114":{"start":{"line":329,"column":4},"end":{"line":329,"column":54}},"115":{"start":{"line":331,"column":4},"end":{"line":331,"column":80}},"116":{"start":{"line":332,"column":4},"end":{"line":332,"column":50}},"117":{"start":{"line":333,"column":4},"end":{"line":333,"column":62}},"118":{"start":{"line":335,"column":4},"end":{"line":335,"column":64}},"119":{"start":{"line":336,"column":4},"end":{"line":336,"column":24}},"120":{"start":{"line":339,"column":2},"end":{"line":343,"column":3}},"121":{"start":{"line":340,"column":4},"end":{"line":342,"column":5}},"122":{"start":{"line":341,"column":6},"end":{"line":341,"column":17}},"123":{"start":{"line":346,"column":0},"end":{"line":360,"column":1}},"124":{"start":{"line":347,"column":2},"end":{"line":349,"column":3}},"125":{"start":{"line":348,"column":4},"end":{"line":348,"column":38}},"126":{"start":{"line":351,"column":2},"end":{"line":351,"column":32}},"127":{"start":{"line":351,"column":25},"end":{"line":351,"column":31}},"128":{"start":{"line":352,"column":2},"end":{"line":352,"column":39}},"129":{"start":{"line":352,"column":15},"end":{"line":352,"column":38}},"130":{"start":{"line":353,"column":2},"end":{"line":353,"column":22}},"131":{"start":{"line":353,"column":15},"end":{"line":353,"column":21}},"132":{"start":{"line":354,"column":2},"end":{"line":358,"column":3}},"133":{"start":{"line":355,"column":4},"end":{"line":357,"column":5}},"134":{"start":{"line":356,"column":6},"end":{"line":356,"column":14}},"135":{"start":{"line":359,"column":2},"end":{"line":359,"column":11}},"136":{"start":{"line":362,"column":0},"end":{"line":375,"column":1}},"137":{"start":{"line":363,"column":2},"end":{"line":365,"column":3}},"138":{"start":{"line":364,"column":4},"end":{"line":364,"column":42}},"139":{"start":{"line":367,"column":2},"end":{"line":367,"column":16}},"140":{"start":{"line":368,"column":2},"end":{"line":368,"column":7}},"141":{"start":{"line":369,"column":2},"end":{"line":373,"column":3}},"142":{"start":{"line":370,"column":4},"end":{"line":372,"column":5}},"143":{"start":{"line":371,"column":6},"end":{"line":371,"column":19}},"144":{"start":{"line":374,"column":2},"end":{"line":374,"column":14}},"145":{"start":{"line":377,"column":0},"end":{"line":389,"column":1}},"146":{"start":{"line":378,"column":2},"end":{"line":380,"column":3}},"147":{"start":{"line":379,"column":4},"end":{"line":379,"column":39}},"148":{"start":{"line":382,"column":2},"end":{"line":382,"column":42}},"149":{"start":{"line":383,"column":2},"end":{"line":387,"column":3}},"150":{"start":{"line":384,"column":4},"end":{"line":386,"column":5}},"151":{"start":{"line":385,"column":6},"end":{"line":385,"column":64}},"152":{"start":{"line":388,"column":2},"end":{"line":388,"column":14}},"153":{"start":{"line":392,"column":0},"end":{"line":392,"column":59}},"154":{"start":{"line":393,"column":0},"end":{"line":393,"column":56}}},"branchMap":{"1":{"line":13,"type":"binary-expr","locations":[{"start":{"line":13,"column":9},"end":{"line":13,"column":16}},{"start":{"line":15,"column":2},"end":{"line":15,"column":49}},{"start":{"line":17,"column":2},"end":{"line":17,"column":43}}]},"2":{"line":32,"type":"if","locations":[{"start":{"line":32,"column":4},"end":{"line":32,"column":4}},{"start":{"line":32,"column":4},"end":{"line":32,"column":4}}]},"3":{"line":39,"type":"if","locations":[{"start":{"line":39,"column":2},"end":{"line":39,"column":2}},{"start":{"line":39,"column":2},"end":{"line":39,"column":2}}]},"4":{"line":44,"type":"if","locations":[{"start":{"line":44,"column":4},"end":{"line":44,"column":4}},{"start":{"line":44,"column":4},"end":{"line":44,"column":4}}]},"5":{"line":67,"type":"if","locations":[{"start":{"line":67,"column":2},"end":{"line":67,"column":2}},{"start":{"line":67,"column":2},"end":{"line":67,"column":2}}]},"6":{"line":83,"type":"if","locations":[{"start":{"line":83,"column":4},"end":{"line":83,"column":4}},{"start":{"line":83,"column":4},"end":{"line":83,"column":4}}]},"7":{"line":83,"type":"binary-expr","locations":[{"start":{"line":83,"column":8},"end":{"line":83,"column":20}},{"start":{"line":83,"column":24},"end":{"line":83,"column":74}}]},"8":{"line":95,"type":"if","locations":[{"start":{"line":95,"column":2},"end":{"line":95,"column":2}},{"start":{"line":95,"column":2},"end":{"line":95,"column":2}}]},"9":{"line":102,"type":"if","locations":[{"start":{"line":102,"column":4},"end":{"line":102,"column":4}},{"start":{"line":102,"column":4},"end":{"line":102,"column":4}}]},"10":{"line":102,"type":"binary-expr","locations":[{"start":{"line":102,"column":8},"end":{"line":102,"column":28}},{"start":{"line":102,"column":32},"end":{"line":102,"column":77}}]},"11":{"line":137,"type":"if","locations":[{"start":{"line":137,"column":4},"end":{"line":137,"column":4}},{"start":{"line":137,"column":4},"end":{"line":137,"column":4}}]},"12":{"line":141,"type":"if","locations":[{"start":{"line":141,"column":6},"end":{"line":141,"column":6}},{"start":{"line":141,"column":6},"end":{"line":141,"column":6}}]},"13":{"line":195,"type":"binary-expr","locations":[{"start":{"line":195,"column":13},"end":{"line":195,"column":19}},{"start":{"line":195,"column":23},"end":{"line":195,"column":25}}]},"14":{"line":203,"type":"if","locations":[{"start":{"line":203,"column":4},"end":{"line":203,"column":4}},{"start":{"line":203,"column":4},"end":{"line":203,"column":4}}]},"15":{"line":211,"type":"if","locations":[{"start":{"line":211,"column":4},"end":{"line":211,"column":4}},{"start":{"line":211,"column":4},"end":{"line":211,"column":4}}]},"16":{"line":223,"type":"binary-expr","locations":[{"start":{"line":223,"column":18},"end":{"line":223,"column":50}},{"start":{"line":223,"column":54},"end":{"line":223,"column":85}}]},"17":{"line":234,"type":"cond-expr","locations":[{"start":{"line":234,"column":22},"end":{"line":234,"column":23}},{"start":{"line":234,"column":26},"end":{"line":234,"column":70}}]},"18":{"line":245,"type":"if","locations":[{"start":{"line":245,"column":4},"end":{"line":245,"column":4}},{"start":{"line":245,"column":4},"end":{"line":245,"column":4}}]},"19":{"line":265,"type":"if","locations":[{"start":{"line":265,"column":2},"end":{"line":265,"column":2}},{"start":{"line":265,"column":2},"end":{"line":265,"column":2}}]},"20":{"line":268,"type":"if","locations":[{"start":{"line":268,"column":4},"end":{"line":268,"column":4}},{"start":{"line":268,"column":4},"end":{"line":268,"column":4}}]},"21":{"line":272,"type":"binary-expr","locations":[{"start":{"line":272,"column":11},"end":{"line":276,"column":9}},{"start":{"line":276,"column":13},"end":{"line":276,"column":15}}]},"22":{"line":277,"type":"if","locations":[{"start":{"line":277,"column":9},"end":{"line":277,"column":9}},{"start":{"line":277,"column":9},"end":{"line":277,"column":9}}]},"23":{"line":280,"type":"cond-expr","locations":[{"start":{"line":280,"column":19},"end":{"line":280,"column":27}},{"start":{"line":280,"column":30},"end":{"line":280,"column":32}}]},"24":{"line":289,"type":"binary-expr","locations":[{"start":{"line":289,"column":21},"end":{"line":289,"column":28}},{"start":{"line":289,"column":32},"end":{"line":289,"column":54}},{"start":{"line":289,"column":58},"end":{"line":289,"column":124}}]},"25":{"line":326,"type":"binary-expr","locations":[{"start":{"line":326,"column":23},"end":{"line":326,"column":35}},{"start":{"line":326,"column":39},"end":{"line":326,"column":41}}]},"26":{"line":327,"type":"binary-expr","locations":[{"start":{"line":327,"column":24},"end":{"line":327,"column":44}},{"start":{"line":327,"column":48},"end":{"line":327,"column":50}}]},"27":{"line":329,"type":"binary-expr","locations":[{"start":{"line":329,"column":17},"end":{"line":329,"column":27}},{"start":{"line":329,"column":31},"end":{"line":329,"column":54}}]},"28":{"line":340,"type":"if","locations":[{"start":{"line":340,"column":4},"end":{"line":340,"column":4}},{"start":{"line":340,"column":4},"end":{"line":340,"column":4}}]},"29":{"line":347,"type":"if","locations":[{"start":{"line":347,"column":2},"end":{"line":347,"column":2}},{"start":{"line":347,"column":2},"end":{"line":347,"column":2}}]},"30":{"line":351,"type":"if","locations":[{"start":{"line":351,"column":2},"end":{"line":351,"column":2}},{"start":{"line":351,"column":2},"end":{"line":351,"column":2}}]},"31":{"line":352,"type":"if","locations":[{"start":{"line":352,"column":2},"end":{"line":352,"column":2}},{"start":{"line":352,"column":2},"end":{"line":352,"column":2}}]},"32":{"line":353,"type":"if","locations":[{"start":{"line":353,"column":2},"end":{"line":353,"column":2}},{"start":{"line":353,"column":2},"end":{"line":353,"column":2}}]},"33":{"line":355,"type":"if","locations":[{"start":{"line":355,"column":4},"end":{"line":355,"column":4}},{"start":{"line":355,"column":4},"end":{"line":355,"column":4}}]},"34":{"line":355,"type":"binary-expr","locations":[{"start":{"line":355,"column":8},"end":{"line":355,"column":23}},{"start":{"line":355,"column":27},"end":{"line":355,"column":49}}]},"35":{"line":363,"type":"if","locations":[{"start":{"line":363,"column":2},"end":{"line":363,"column":2}},{"start":{"line":363,"column":2},"end":{"line":363,"column":2}}]},"36":{"line":370,"type":"if","locations":[{"start":{"line":370,"column":4},"end":{"line":370,"column":4}},{"start":{"line":370,"column":4},"end":{"line":370,"column":4}}]},"37":{"line":370,"type":"binary-expr","locations":[{"start":{"line":370,"column":8},"end":{"line":370,"column":23}},{"start":{"line":370,"column":27},"end":{"line":370,"column":78}}]},"38":{"line":378,"type":"if","locations":[{"start":{"line":378,"column":2},"end":{"line":378,"column":2}},{"start":{"line":378,"column":2},"end":{"line":378,"column":2}}]},"39":{"line":384,"type":"if","locations":[{"start":{"line":384,"column":4},"end":{"line":384,"column":4}},{"start":{"line":384,"column":4},"end":{"line":384,"column":4}}]},"40":{"line":395,"type":"cond-expr","locations":[{"start":{"line":395,"column":35},"end":{"line":395,"column":41}},{"start":{"line":395,"column":44},"end":{"line":395,"column":50}}]}},"code":["(function(window) {","","/*eslint no-unused-vars: [\"error\", { \"varsIgnorePattern\": \"(createSpecFilter|createStartFn)\" }]*/","","'use strict'","","/**"," * Decision maker for whether a stack entry is considered external to jasmine and karma."," * @param  {String}  entry Error stack entry."," * @return {Boolean}       True if external, False otherwise."," */","function isExternalStackEntry (entry) {","  return !!entry &&","  // entries related to jasmine and karma-jasmine:","  !/\\/(jasmine-core|karma-jasmine)\\//.test(entry) &&","  // karma specifics, e.g. \"at http://localhost:7018/karma.js:185\"","  !/\\/(karma.js|context.html):/.test(entry)","}","","/**"," * Returns relevant stack entries."," * @param  {String} stack Complete error stack trace."," * @return {Array}        A list of relevant stack entries."," */","function getRelevantStackFrom (stack) {","  var filteredStack = []","  var relevantStack = []","","  stack = stack.split('\\n')","","  for (var i = 0; i < stack.length; i += 1) {","    if (isExternalStackEntry(stack[i])) {","      filteredStack.push(stack[i])","    }","  }","","  // If the filtered stack is empty, i.e. the error originated entirely from within jasmine or karma, then the whole stack","  // should be relevant.","  if (filteredStack.length === 0) {","    filteredStack = stack","  }","","  for (i = 0; i < filteredStack.length; i += 1) {","    if (filteredStack[i]) {","      relevantStack.push(filteredStack[i])","    }","  }","","  return relevantStack","}","","/**"," * Custom formatter for a failed step."," *"," * Different browsers report stack trace in different ways. This function"," * attempts to provide a concise, relevant error message by removing the"," * unnecessary stack traces coming from the testing framework itself as well"," * as possible repetition."," *"," * @see    https://github.com/karma-runner/karma-jasmine/issues/60"," * @param  {Object} step Step object with stack and message properties."," * @return {String}      Formatted step."," */","function formatFailedStep (step) {","  // Safari seems to have no stack trace,","  // so we just return the error message:","  if (!step.stack) { return step.message }","","  var relevantMessage = []","  var relevantStack = []","","  // Remove the message prior to processing the stack to prevent issues like","  // https://github.com/karma-runner/karma-jasmine/issues/79","  var stack = step.stack.replace('Error: ' + step.message, '')","","  var dirtyRelevantStack = getRelevantStackFrom(stack)","","  // PhantomJS returns multiline error message for errors coming from specs","  // (for example when calling a non-existing function). This error is present","  // in both `step.message` and `step.stack` at the same time, but stack seems","  // preferable, so we iterate relevant stack, compare it to message:","  for (var i = 0; i < dirtyRelevantStack.length; i += 1) {","    if (step.message && step.message.indexOf(dirtyRelevantStack[i]) === -1) {","      // Stack entry is not in the message,","      // we consider it to be a relevant stack:","      relevantStack.push(dirtyRelevantStack[i])","    } else {","      // Stack entry is already in the message,","      // we consider it to be a suitable message alternative:","      relevantMessage.push(dirtyRelevantStack[i])","    }","  }","","  // In most cases the above will leave us with an empty message...","  if (relevantMessage.length === 0) {","    // Let's reuse the original message:","    relevantMessage.push(step.message)","","    // Now we probably have a repetition case where:","    // relevantMessage: [\"Expected true to be false.\"]","    // relevantStack:   [\"Error: Expected true to be false.\", ...]","    if (relevantStack.length && relevantStack[0].indexOf(step.message) !== -1) {","      // The message seems preferable, so we remove the first value from","      // the stack to get rid of repetition :","      relevantStack.shift()","    }","  }","","  // Example output:","  // --------------------","  // Chrome 40.0.2214 (Mac OS X 10.9.5) xxx should return false 1 FAILED","  //    Expected true to be false","  //    at /foo/bar/baz.spec.js:22:13","  //    at /foo/bar/baz.js:18:29","  return relevantMessage.concat(relevantStack).join('\\n')","}","","function SuiteNode (name, parent) {","  this.name = name","  this.parent = parent","  this.children = []","","  this.addChild = function (name) {","    var suite = new SuiteNode(name, this)","    this.children.push(suite)","    return suite","  }","}","","function processSuite (suite, pointer) {","  var child","  var childPointer","","  for (var i = 0; i < suite.children.length; i++) {","    child = suite.children[i]","","    if (child.children) {","      childPointer = pointer[child.description] = {_: []}","      processSuite(child, childPointer)","    } else {","      if (!pointer._) {","        pointer._ = []","      }","      pointer._.push(child.description)","    }","  }","}","","function getAllSpecNames (topSuite) {","  var specNames = {}","","  processSuite(topSuite, specNames)","","  return specNames","}","","/**"," * Very simple reporter for Jasmine."," */","function KarmaReporter (tc, jasmineEnv) {","  var currentSuite = new SuiteNode()","","  // Save link on native Date object","  // because user can mock it","  var _Date = Date","","  /**","   * @param suite","   * @returns {boolean} Return true if it is system jasmine top level suite","   */","  function isTopLevelSuite (suite) {","    return suite.description === 'Jasmine_TopLevel_Suite'","  }","","  /**","   * Jasmine 2.0 dispatches the following events:","   *","   *  - jasmineStarted","   *  - jasmineDone","   *  - suiteStarted","   *  - suiteDone","   *  - specStarted","   *  - specDone","   */","","  this.jasmineStarted = function (data) {","    // TODO(vojta): Do not send spec names when polling.","    tc.info({","      total: data.totalSpecsDefined,","      specs: getAllSpecNames(jasmineEnv.topSuite())","    })","  }","","  this.jasmineDone = function (result) {","    result = result || {}","    tc.complete({","      order: result.order,","      coverage: window.__coverage__","    })","  }","","  this.suiteStarted = function (result) {","    if (!isTopLevelSuite(result)) {","      currentSuite = currentSuite.addChild(result.description)","    }","  }","","  this.suiteDone = function (result) {","    // In the case of xdescribe, only \"suiteDone\" is fired.","    // We need to skip that.","    if (result.description !== currentSuite.name) {","      return","    }","","    currentSuite = currentSuite.parent","  }","","  this.specStarted = function (specResult) {","    specResult.startTime = new _Date().getTime()","  }","","  this.specDone = function (specResult) {","    var skipped = specResult.status === 'disabled' || specResult.status === 'pending'","","    var result = {","      description: specResult.description,","      id: specResult.id,","      log: [],","      skipped: skipped,","      disabled: specResult.status === 'disabled',","      pending: specResult.status === 'pending',","      success: specResult.failedExpectations.length === 0,","      suite: [],","      time: skipped ? 0 : new _Date().getTime() - specResult.startTime,","      executedExpectationsCount: specResult.failedExpectations.length + specResult.passedExpectations.length","    }","","    // generate ordered list of (nested) suite names","    var suitePointer = currentSuite","    while (suitePointer.parent) {","      result.suite.unshift(suitePointer.name)","      suitePointer = suitePointer.parent","    }","","    if (!result.success) {","      var steps = specResult.failedExpectations","      for (var i = 0, l = steps.length; i < l; i++) {","        result.log.push(formatFailedStep(steps[i]))","      }","    }","","    tc.result(result)","    delete specResult.startTime","  }","}","","/**"," * Extract grep option from karma config"," * @param {[Array|string]} clientArguments The karma client arguments"," * @return {string} The value of grep option by default empty string"," */","var getGrepOption = function (clientArguments) {","  var grepRegex = /^--grep=(.*)$/","","  if (Object.prototype.toString.call(clientArguments) === '[object Array]') {","    var indexOfGrep = indexOf(clientArguments, '--grep')","","    if (indexOfGrep !== -1) {","      return clientArguments[indexOfGrep + 1]","    }","","    return map(filter(clientArguments, function (arg) {","      return grepRegex.test(arg)","    }), function (arg) {","      return arg.replace(grepRegex, '$1')","    })[0] || ''","  } else if (typeof clientArguments === 'string') {","    var match = /--grep=([^=]+)/.exec(clientArguments)","","    return match ? match[1] : ''","  }","}","","/**"," * Create jasmine spec filter"," * @param {Object} options Spec filter options"," */","var KarmaSpecFilter = function (options) {","  var filterString = options && options.filterString() && options.filterString().replace(/[-[\\]{}()*+?.,\\\\^$|#\\s]/g, '\\\\$&')","  var filterPattern = new RegExp(filterString)","","  this.matches = function (specName) {","    return filterPattern.test(specName)","  }","}","","/**"," * @param {Object} config The karma config"," * @param {Object} jasmineEnv jasmine environment object"," */","var createSpecFilter = function (config, jasmineEnv) {","  var specFilter = new KarmaSpecFilter({","    filterString: function () {","      return getGrepOption(config.args)","    }","  })","","  jasmineEnv.specFilter = function (spec) {","    return specFilter.matches(spec.getFullName())","  }","}","","/**"," * Karma starter function factory."," *"," * This function is invoked from the wrapper."," * @see  adapter.wrapper"," *"," * @param  {Object}   karma        Karma runner instance."," * @param  {Object}   [jasmineEnv] Optional Jasmine environment for testing."," * @return {Function}              Karma starter function."," */","function createStartFn (karma, jasmineEnv) {","  // This function will be assigned to `window.__karma__.start`:","  return function () {","    var clientConfig = karma.config || {}","    var jasmineConfig = clientConfig.jasmine || {}","","    jasmineEnv = jasmineEnv || window.jasmine.getEnv()","","    setOption(jasmineConfig.stopOnFailure, jasmineEnv.throwOnExpectationFailure)","    setOption(jasmineConfig.seed, jasmineEnv.seed)","    setOption(jasmineConfig.random, jasmineEnv.randomizeTests)","","    jasmineEnv.addReporter(new KarmaReporter(karma, jasmineEnv))","    jasmineEnv.execute()","  }","","  function setOption (option, set) {","    if (option != null) {","      set(option)","    }","  }","}","","function indexOf (collection, find, i /* opt*/) {","  if (collection.indexOf) {","    return collection.indexOf(find, i)","  }","","  if (i === undefined) { i = 0 }","  if (i < 0) { i += collection.length }","  if (i < 0) { i = 0 }","  for (var n = collection.length; i < n; i++) {","    if (i in collection && collection[i] === find) {","      return i","    }","  }","  return -1","}","","function filter (collection, filter, that /* opt*/) {","  if (collection.filter) {","    return collection.filter(filter, that)","  }","","  var other = []","  var v","  for (var i = 0, n = collection.length; i < n; i++) {","    if (i in collection && filter.call(that, v = collection[i], i, collection)) {","      other.push(v)","    }","  }","  return other","}","","function map (collection, mapper, that /* opt*/) {","  if (collection.map) {","    return collection.map(mapper, that)","  }","","  var other = new Array(collection.length)","  for (var i = 0, n = collection.length; i < n; i++) {","    if (i in collection) {","      other[i] = mapper.call(that, collection[i], i, collection)","    }","  }","  return other","}","","","createSpecFilter(window.__karma__.config, jasmine.getEnv())","window.__karma__.start = createStartFn(window.__karma__)","","})(typeof window !== 'undefined' ? window : global);",""],"l":{"1":2,"12":1,"13":0,"25":1,"26":0,"27":0,"29":0,"31":0,"32":0,"33":0,"39":0,"40":0,"43":0,"44":0,"45":0,"49":0,"64":1,"67":0,"69":0,"70":0,"74":0,"76":0,"82":0,"83":0,"86":0,"90":0,"95":0,"97":0,"102":0,"105":0,"115":0,"118":1,"119":0,"120":0,"121":0,"123":0,"124":0,"125":0,"126":0,"130":1,"131":0,"132":0,"134":0,"135":0,"137":0,"138":0,"139":0,"141":0,"142":0,"144":0,"149":1,"150":0,"152":0,"154":0,"160":1,"161":0,"165":0,"171":1,"172":0,"186":0,"188":0,"194":0,"195":0,"196":0,"202":0,"203":0,"204":0,"208":0,"211":0,"212":0,"215":0,"218":0,"219":0,"222":0,"223":0,"225":0,"239":0,"240":0,"241":0,"242":0,"245":0,"246":0,"247":0,"248":0,"252":0,"253":0,"262":2,"263":0,"265":0,"266":0,"268":0,"269":0,"272":0,"273":0,"275":0,"277":0,"278":0,"280":0,"288":2,"289":0,"290":0,"292":0,"293":0,"301":2,"302":0,"304":0,"308":0,"309":0,"323":1,"325":0,"326":0,"327":0,"329":0,"331":0,"332":0,"333":0,"335":0,"336":0,"339":1,"340":0,"341":0,"346":1,"347":0,"348":0,"351":0,"352":0,"353":0,"354":0,"355":0,"356":0,"359":0,"362":1,"363":0,"364":0,"367":0,"368":0,"369":0,"370":0,"371":0,"374":0,"377":1,"378":0,"379":0,"382":0,"383":0,"384":0,"385":0,"388":0,"392":2,"393":0}},"/home/travis/build/npmtest/node-npmtest-karma-jasmine/node_modules/karma-jasmine/lib/boot.js":{"path":"/home/travis/build/npmtest/node-npmtest-karma-jasmine/node_modules/karma-jasmine/lib/boot.js","s":{"1":2,"2":2,"3":0,"4":0,"5":0,"6":0,"7":0,"8":0,"9":0,"10":0},"b":{"1":[0,0],"2":[0,2]},"f":{"1":2},"fnMap":{"1":{"name":"(anonymous_1)","line":6,"loc":{"start":{"line":6,"column":2},"end":{"line":6,"column":20}}}},"statementMap":{"1":{"start":{"line":6,"column":1},"end":{"line":41,"column":51}},"2":{"start":{"line":14,"column":2},"end":{"line":14,"column":51}},"3":{"start":{"line":19,"column":2},"end":{"line":19,"column":76}},"4":{"start":{"line":25,"column":2},"end":{"line":25,"column":39}},"5":{"start":{"line":26,"column":2},"end":{"line":26,"column":41}},"6":{"start":{"line":27,"column":2},"end":{"line":27,"column":43}},"7":{"start":{"line":28,"column":2},"end":{"line":28,"column":45}},"8":{"start":{"line":36,"column":2},"end":{"line":40,"column":3}},"9":{"start":{"line":37,"column":4},"end":{"line":39,"column":5}},"10":{"start":{"line":38,"column":6},"end":{"line":38,"column":51}}},"branchMap":{"1":{"line":37,"type":"if","locations":[{"start":{"line":37,"column":4},"end":{"line":37,"column":4}},{"start":{"line":37,"column":4},"end":{"line":37,"column":4}}]},"2":{"line":41,"type":"cond-expr","locations":[{"start":{"line":41,"column":34},"end":{"line":41,"column":40}},{"start":{"line":41,"column":43},"end":{"line":41,"column":49}}]}},"code":["/**"," * Jasmine 2.0 standalone `boot.js` modified for Karma."," * This file is registered in `index.js`. This version"," * does not include `HtmlReporter` setup."," */",";(function (global) {","  /*global jasmineRequire */","  'use strict'","","  /**","   * Require Jasmine's core files. Specifically, this requires and","   * attaches all of Jasmine's code to the `jasmine` reference.","   */","  var jasmine = jasmineRequire.core(jasmineRequire)","","  /**","   * Obtain the public Jasmine API.","   */","  var jasmineInterface = jasmineRequire.interface(jasmine, jasmine.getEnv())","","  /**","   * Setting up timing functions to be able to be overridden.","   * Certain browsers (Safari, IE 8, PhantomJS) require this hack.","   */","  global.setTimeout = global.setTimeout","  global.setInterval = global.setInterval","  global.clearTimeout = global.clearTimeout","  global.clearInterval = global.clearInterval","","  /**","   * Add all of the Jasmine global/public interface to the proper","   * global, so a project can use the public interface directly.","   * For example, calling `describe` in specs instead of","   * `jasmine.getEnv().describe`.","   */","  for (var property in jasmineInterface) {","    if (jasmineInterface.hasOwnProperty(property)) {","      global[property] = jasmineInterface[property]","    }","  }","}(typeof window !== 'undefined' ? window : global))",""],"l":{"6":2,"14":2,"19":0,"25":0,"26":0,"27":0,"28":0,"36":0,"37":0,"38":0}}}